<?xml version="1.0" encoding="UTF-8"?>
<!-- Generated by org.testng.reporters.JUnitReportReporter -->
<testsuite hostname="Anurag" failures="0" tests="6" name="api.tests.DDTests" time="15.651" errors="0" timestamp="2024-03-06T17:34:07 IST" skipped="0">
  <testcase classname="api.tests.DDTests" name="testPostUsers" time="2.184"/>
  <testcase classname="api.tests.DDTests" name="testPostUsers" time="4.735"/>
  <testcase classname="api.tests.DDTests" name="testPostUsers" time="2.160"/>
  <testcase classname="api.tests.DDTests" name="testDeleteUserByName" time="2.229"/>
  <testcase classname="api.tests.DDTests" name="testDeleteUserByName" time="2.239"/>
  <testcase classname="api.tests.DDTests" name="testDeleteUserByName" time="2.104"/>
</testsuite> <!-- api.tests.DDTests -->
