<?xml version="1.0" encoding="UTF-8"?>
<!-- Generated by org.testng.reporters.JUnitReportReporter -->
<testsuite hostname="Anurag" failures="0" tests="4" name="api.tests.UserTests" time="16.811" errors="0" timestamp="2024-03-06T17:32:56 IST" skipped="0">
  <testcase classname="api.tests.UserTests" name="testPostUser" time="7.724"/>
  <testcase classname="api.tests.UserTests" name="testGetUserByName" time="2.553"/>
  <testcase classname="api.tests.UserTests" name="testUpdateUserByName" time="4.183"/>
  <testcase classname="api.tests.UserTests" name="testDeleteUserByName" time="2.351"/>
</testsuite> <!-- api.tests.UserTests -->
